0 silly argv {
0 silly argv   _: [ 'exec' ],
0 silly argv   scope: '@manozcodes/module1',
0 silly argv   args: [],
0 silly argv   '--': [ 'npm', 'start' ],
0 silly argv   lernaVersion: '4.0.0',
0 silly argv   '$0': 'node_modules/.bin/lerna'
0 silly argv }
1 notice cli v4.0.0
2 verbose rootPath /home/manoz/Desktop/zzz
3 error JSONError: Unexpected token "}" (0x7D) in JSON at position 530 while parsing near "...shared\": \"0.1.0\",\n  },\n  \"scripts\": {\n  ..." in packages/coreapp/package.json
3 error
3 error [0m [90m 17 |[39m     [32m"web-vitals"[39m[33m:[39m [32m"^1.0.1"[39m[33m,[39m[0m
3 error [0m [90m 18 |[39m     [32m"@manozcodes/shared"[39m[33m:[39m [32m"0.1.0"[39m[33m,[39m[0m
3 error [0m[31m[1m>[22m[39m[90m 19 |[39m   }[33m,[39m[0m
3 error [0m [90m    |[39m   [31m[1m^[22m[39m[0m
3 error [0m [90m 20 |[39m   [32m"scripts"[39m[33m:[39m {[0m
3 error [0m [90m 21 |[39m     [32m"start"[39m[33m:[39m [32m"craco start"[39m[33m,[39m[0m
3 error [0m [90m 22 |[39m     [32m"build"[39m[33m:[39m [32m"craco build"[39m[33m,[39m[0m
3 error
3 error     at parseJson (/home/manoz/Desktop/zzz/node_modules/parse-json/index.js:29:21)
3 error     at parse (/home/manoz/Desktop/zzz/node_modules/load-json-file/index.js:15:9)
3 error     at module.exports (/home/manoz/Desktop/zzz/node_modules/load-json-file/index.js:18:47)
